<?xml version="1.0" encoding="UTF-8"?>
<testsuite name="Task4Test" tests="1" skipped="0" failures="1" errors="0" timestamp="2021-11-21T14:58:57" hostname="MacBook-Pro.local" time="0.369">
  <properties/>
  <testcase name="start" classname="Task4Test" time="0.369">
    <failure message="java.lang.AssertionError: Wrong answer in test #17&#10;&#10;Please find below the output of your program during this failed test.&#10;Note that the '&gt;' character indicates the beginning of the input line.&#10;&#10;---&#10;&#10;Enter what you want to convert (or exit):&#10;&gt; 100.0 X to Pound&#10;Conversion from ??? to Pound is impossible&#10;Enter what you want to convert (or exit):&#10;&gt; exit" type="java.lang.AssertionError">java.lang.AssertionError: Wrong answer in test #17

Please find below the output of your program during this failed test.
Note that the '&gt;' character indicates the beginning of the input line.

---

Enter what you want to convert (or exit):
&gt; 100.0 X to Pound
Conversion from ??? to Pound is impossible
Enter what you want to convert (or exit):
&gt; exit
	at org.junit.Assert.fail(Assert.java:88)
	at org.hyperskill.hstest.stage.StageTest.start(StageTest.java:155)
	at java.base/jdk.internal.reflect.NativeMethodAccessorImpl.invoke0(Native Method)
	at java.base/jdk.internal.reflect.NativeMethodAccessorImpl.invoke(NativeMethodAccessorImpl.java:62)
	at java.base/jdk.internal.reflect.DelegatingMethodAccessorImpl.invoke(DelegatingMethodAccessorImpl.java:43)
	at java.base/java.lang.reflect.Method.invoke(Method.java:566)
	at org.junit.runners.model.FrameworkMethod$1.runReflectiveCall(FrameworkMethod.java:50)
	at org.junit.internal.runners.model.ReflectiveCallable.run(ReflectiveCallable.java:12)
	at org.junit.runners.model.FrameworkMethod.invokeExplosively(FrameworkMethod.java:47)
	at org.junit.internal.runners.statements.InvokeMethod.evaluate(InvokeMethod.java:17)
	at org.junit.runners.ParentRunner.runLeaf(ParentRunner.java:325)
	at org.junit.runners.BlockJUnit4ClassRunner.runChild(BlockJUnit4ClassRunner.java:78)
	at org.junit.runners.BlockJUnit4ClassRunner.runChild(BlockJUnit4ClassRunner.java:57)
	at org.junit.runners.ParentRunner$3.run(ParentRunner.java:290)
	at org.junit.runners.ParentRunner$1.schedule(ParentRunner.java:71)
	at org.junit.runners.ParentRunner.runChildren(ParentRunner.java:288)
	at org.junit.runners.ParentRunner.access$000(ParentRunner.java:58)
	at org.junit.runners.ParentRunner$2.evaluate(ParentRunner.java:268)
	at org.junit.runners.ParentRunner.run(ParentRunner.java:363)
	at org.gradle.api.internal.tasks.testing.junit.JUnitTestClassExecutor.runTestClass(JUnitTestClassExecutor.java:110)
	at org.gradle.api.internal.tasks.testing.junit.JUnitTestClassExecutor.execute(JUnitTestClassExecutor.java:58)
	at org.gradle.api.internal.tasks.testing.junit.JUnitTestClassExecutor.execute(JUnitTestClassExecutor.java:38)
	at org.gradle.api.internal.tasks.testing.junit.AbstractJUnitTestClassProcessor.processTestClass(AbstractJUnitTestClassProcessor.java:62)
	at org.gradle.api.internal.tasks.testing.SuiteTestClassProcessor.processTestClass(SuiteTestClassProcessor.java:51)
	at java.base/jdk.internal.reflect.NativeMethodAccessorImpl.invoke0(Native Method)
	at java.base/jdk.internal.reflect.NativeMethodAccessorImpl.invoke(NativeMethodAccessorImpl.java:62)
	at java.base/jdk.internal.reflect.DelegatingMethodAccessorImpl.invoke(DelegatingMethodAccessorImpl.java:43)
	at java.base/java.lang.reflect.Method.invoke(Method.java:566)
	at org.gradle.internal.dispatch.ReflectionDispatch.dispatch(ReflectionDispatch.java:36)
	at org.gradle.internal.dispatch.ReflectionDispatch.dispatch(ReflectionDispatch.java:24)
	at org.gradle.internal.dispatch.ContextClassLoaderDispatch.dispatch(ContextClassLoaderDispatch.java:33)
	at org.gradle.internal.dispatch.ProxyDispatchAdapter$DispatchingInvocationHandler.invoke(ProxyDispatchAdapter.java:94)
	at com.sun.proxy.$Proxy2.processTestClass(Unknown Source)
	at org.gradle.api.internal.tasks.testing.worker.TestWorker.processTestClass(TestWorker.java:121)
	at java.base/jdk.internal.reflect.NativeMethodAccessorImpl.invoke0(Native Method)
	at java.base/jdk.internal.reflect.NativeMethodAccessorImpl.invoke(NativeMethodAccessorImpl.java:62)
	at java.base/jdk.internal.reflect.DelegatingMethodAccessorImpl.invoke(DelegatingMethodAccessorImpl.java:43)
	at java.base/java.lang.reflect.Method.invoke(Method.java:566)
	at org.gradle.internal.dispatch.ReflectionDispatch.dispatch(ReflectionDispatch.java:36)
	at org.gradle.internal.dispatch.ReflectionDispatch.dispatch(ReflectionDispatch.java:24)
	at org.gradle.internal.remote.internal.hub.MessageHubBackedObjectConnection$DispatchWrapper.dispatch(MessageHubBackedObjectConnection.java:182)
	at org.gradle.internal.remote.internal.hub.MessageHubBackedObjectConnection$DispatchWrapper.dispatch(MessageHubBackedObjectConnection.java:164)
	at org.gradle.internal.remote.internal.hub.MessageHub$Handler.run(MessageHub.java:414)
	at org.gradle.internal.concurrent.ExecutorPolicy$CatchAndRecordFailures.onExecute(ExecutorPolicy.java:64)
	at org.gradle.internal.concurrent.ManagedExecutorImpl$1.run(ManagedExecutorImpl.java:48)
	at java.base/java.util.concurrent.ThreadPoolExecutor.runWorker(ThreadPoolExecutor.java:1128)
	at java.base/java.util.concurrent.ThreadPoolExecutor$Worker.run(ThreadPoolExecutor.java:628)
	at org.gradle.internal.concurrent.ThreadFactoryImpl$ManagedThreadRunnable.run(ThreadFactoryImpl.java:56)
	at java.base/java.lang.Thread.run(Thread.java:829)
</failure>
  </testcase>
  <system-out><![CDATA[?[1;31m
Start test 1?[0m
Enter what you want to convert (or exit):
> 1 kg to ounces
1.0 kilogram is 35.27399072294044 ounces
Enter what you want to convert (or exit):
> 2 meters in yards
2.0 meters is 2.1872265966754156 yards
Enter what you want to convert (or exit):
> 1 pound in kg
1.0 pound is 0.453592 kilograms
Enter what you want to convert (or exit):
> exit
?[1;31m
Start test 2?[0m
Enter what you want to convert (or exit):
> 1 oz to g
1.0 ounce is 28.3495 grams
Enter what you want to convert (or exit):
> 100 cm in meters
100.0 centimeters is 1.0 meter
Enter what you want to convert (or exit):
> 23.34 feet to in
23.34 feet is 280.08 inches
Enter what you want to convert (or exit):
> exit
?[1;31m
Start test 3?[0m
Enter what you want to convert (or exit):
> 1 kn to feet
Conversion from ??? to feet is impossible
Enter what you want to convert (or exit):
> 3 grams to meters
Conversion from grams to meters is impossible
Enter what you want to convert (or exit):
> exit
?[1;31m
Start test 4?[0m
Enter what you want to convert (or exit):
> 10 kilograms convertPleaseTo GRAMS
10.0 kilograms is 10000.0 grams
Enter what you want to convert (or exit):
> exit
?[1;31m
Start test 5?[0m
Enter what you want to convert (or exit):
> 10 mm youConvertTo CM
10.0 millimeters is 1.0 centimeter
Enter what you want to convert (or exit):
> exit
?[1;31m
Start test 6?[0m
Enter what you want to convert (or exit):
> 1000 Grams to kg
1000.0 grams is 1.0 kilogram
Enter what you want to convert (or exit):
> exit
?[1;31m
Start test 7?[0m
Enter what you want to convert (or exit):
> 1000 mg to g
1000.0 milligrams is 1.0 gram
Enter what you want to convert (or exit):
> exit
?[1;31m
Start test 8?[0m
Enter what you want to convert (or exit):
> 0.000001 kg to mg
1.0E-6 kilograms is 1.0 milligram
Enter what you want to convert (or exit):
> exit
?[1;31m
Start test 9?[0m
Enter what you want to convert (or exit):
> 5 km to km
5.0 kilometers is 5.0 kilometers
Enter what you want to convert (or exit):
> exit
?[1;31m
Start test 10?[0m
Enter what you want to convert (or exit):
> 1 foot to kilometers
1.0 foot is 3.0480000000000004E-4 kilometers
Enter what you want to convert (or exit):
> exit
?[1;31m
Start test 11?[0m
Enter what you want to convert (or exit):
> 4023 km to miles
4023.0 kilometers is 2499.766986671638 miles
Enter what you want to convert (or exit):
> exit
?[1;31m
Start test 12?[0m
Enter what you want to convert (or exit):
> 5 mi to km
5.0 miles is 8.04675 kilometers
Enter what you want to convert (or exit):
> exit
?[1;31m
Start test 13?[0m
Enter what you want to convert (or exit):
> 1 mile to mm
1.0 mile is 1609349.9999999998 millimeters
Enter what you want to convert (or exit):
> exit
?[1;31m
Start test 14?[0m
Enter what you want to convert (or exit):
> 4 MILES to feet
4.0 miles is 21120.078740157478 feet
Enter what you want to convert (or exit):
> exit
?[1;31m
Start test 15?[0m
Enter what you want to convert (or exit):
> 100 AAA convertTo BBB
Conversion from ??? to ??? is impossible
Enter what you want to convert (or exit):
> exit
?[1;31m
Start test 16?[0m
Enter what you want to convert (or exit):
> 100.0 X to Y
Conversion from ??? to ??? is impossible
Enter what you want to convert (or exit):
> exit
?[1;31m
Start test 17?[0m
Enter what you want to convert (or exit):
> 100.0 X to Pound
Conversion from ??? to Pound is impossible
Enter what you want to convert (or exit):
> exit
]]></system-out>
  <system-err><![CDATA[]]></system-err>
</testsuite>
